[
  {
    "level": "INFO",
    "message": "android.ndkVersion from module build.gradle is not set"
  },
  {
    "level": "INFO",
    "message": "ndk.dir in local.properties is /Users/xuedi/Desktop/android-ndk-r14b"
  },
  {
    "level": "INFO",
    "message": "ANDROID_NDK_HOME environment variable is not set"
  },
  {
    "level": "INFO",
    "message": "sdkFolder is /Users/xuedi/Library/Android/sdk"
  },
  {
    "level": "INFO",
    "message": "Considering /Users/xuedi/Desktop/android-ndk-r14b by ndk.dir"
  },
  {
    "level": "INFO",
    "message": "Considering /Users/xuedi/Library/Android/sdk/ndk-bundle in SDK ndk-bundle folder"
  },
  {
    "level": "INFO",
    "message": "Considering /Users/xuedi/Library/Android/sdk/ndk/ndk in SDK ndk folder"
  },
  {
    "level": "INFO",
    "message": "Found requested ndk.dir (/Users/xuedi/Desktop/android-ndk-r14b) which has version 14.1.3816874"
  }
]